/home/momo/.local/lib/python3.6/site-packages/tensorflow/python/framework/dtypes.py:516: FutureWarning: Passing (type, 1) or '1type' as a synonym of type is deprecated; in a future version of numpy, it will be understood as (type, (1,)) / '(1,)type'.
  _np_qint8 = np.dtype([("qint8", np.int8, 1)])
/home/momo/.local/lib/python3.6/site-packages/tensorflow/python/framework/dtypes.py:517: FutureWarning: Passing (type, 1) or '1type' as a synonym of type is deprecated; in a future version of numpy, it will be understood as (type, (1,)) / '(1,)type'.
  _np_quint8 = np.dtype([("quint8", np.uint8, 1)])
/home/momo/.local/lib/python3.6/site-packages/tensorflow/python/framework/dtypes.py:518: FutureWarning: Passing (type, 1) or '1type' as a synonym of type is deprecated; in a future version of numpy, it will be understood as (type, (1,)) / '(1,)type'.
  _np_qint16 = np.dtype([("qint16", np.int16, 1)])
/home/momo/.local/lib/python3.6/site-packages/tensorflow/python/framework/dtypes.py:519: FutureWarning: Passing (type, 1) or '1type' as a synonym of type is deprecated; in a future version of numpy, it will be understood as (type, (1,)) / '(1,)type'.
  _np_quint16 = np.dtype([("quint16", np.uint16, 1)])
/home/momo/.local/lib/python3.6/site-packages/tensorflow/python/framework/dtypes.py:520: FutureWarning: Passing (type, 1) or '1type' as a synonym of type is deprecated; in a future version of numpy, it will be understood as (type, (1,)) / '(1,)type'.
  _np_qint32 = np.dtype([("qint32", np.int32, 1)])
/home/momo/.local/lib/python3.6/site-packages/tensorflow/python/framework/dtypes.py:525: FutureWarning: Passing (type, 1) or '1type' as a synonym of type is deprecated; in a future version of numpy, it will be understood as (type, (1,)) / '(1,)type'.
  np_resource = np.dtype([("resource", np.ubyte, 1)])
/home/momo/.local/lib/python3.6/site-packages/tensorboard/compat/tensorflow_stub/dtypes.py:541: FutureWarning: Passing (type, 1) or '1type' as a synonym of type is deprecated; in a future version of numpy, it will be understood as (type, (1,)) / '(1,)type'.
  _np_qint8 = np.dtype([("qint8", np.int8, 1)])
/home/momo/.local/lib/python3.6/site-packages/tensorboard/compat/tensorflow_stub/dtypes.py:542: FutureWarning: Passing (type, 1) or '1type' as a synonym of type is deprecated; in a future version of numpy, it will be understood as (type, (1,)) / '(1,)type'.
  _np_quint8 = np.dtype([("quint8", np.uint8, 1)])
/home/momo/.local/lib/python3.6/site-packages/tensorboard/compat/tensorflow_stub/dtypes.py:543: FutureWarning: Passing (type, 1) or '1type' as a synonym of type is deprecated; in a future version of numpy, it will be understood as (type, (1,)) / '(1,)type'.
  _np_qint16 = np.dtype([("qint16", np.int16, 1)])
/home/momo/.local/lib/python3.6/site-packages/tensorboard/compat/tensorflow_stub/dtypes.py:544: FutureWarning: Passing (type, 1) or '1type' as a synonym of type is deprecated; in a future version of numpy, it will be understood as (type, (1,)) / '(1,)type'.
  _np_quint16 = np.dtype([("quint16", np.uint16, 1)])
/home/momo/.local/lib/python3.6/site-packages/tensorboard/compat/tensorflow_stub/dtypes.py:545: FutureWarning: Passing (type, 1) or '1type' as a synonym of type is deprecated; in a future version of numpy, it will be understood as (type, (1,)) / '(1,)type'.
  _np_qint32 = np.dtype([("qint32", np.int32, 1)])
/home/momo/.local/lib/python3.6/site-packages/tensorboard/compat/tensorflow_stub/dtypes.py:550: FutureWarning: Passing (type, 1) or '1type' as a synonym of type is deprecated; in a future version of numpy, it will be understood as (type, (1,)) / '(1,)type'.
  np_resource = np.dtype([("resource", np.ubyte, 1)])
WARNING:tensorflow:From nmt_with_attention.py:80: The name tf.enable_eager_execution is deprecated. Please use tf.compat.v1.enable_eager_execution instead.

2019-11-11 22:01:00.629543: I tensorflow/stream_executor/platform/default/dso_loader.cc:42] Successfully opened dynamic library libcuda.so.1
2019-11-11 22:01:00.648390: I tensorflow/stream_executor/cuda/cuda_gpu_executor.cc:1005] successful NUMA node read from SysFS had negative value (-1), but there must be at least one NUMA node, so returning NUMA node zero
2019-11-11 22:01:00.649070: I tensorflow/core/common_runtime/gpu/gpu_device.cc:1640] Found device 0 with properties: 
name: GeForce RTX 2070 major: 7 minor: 5 memoryClockRate(GHz): 1.62
pciBusID: 0000:01:00.0
2019-11-11 22:01:00.649144: I tensorflow/stream_executor/platform/default/dso_loader.cc:53] Could not dlopen library 'libcudart.so.10.0'; dlerror: libcudart.so.10.0: cannot open shared object file: No such file or directory; LD_LIBRARY_PATH: /usr/local/cuda/lib64${LD_LIBRARY_PATH:+:}
2019-11-11 22:01:00.649195: I tensorflow/stream_executor/platform/default/dso_loader.cc:53] Could not dlopen library 'libcublas.so.10.0'; dlerror: libcublas.so.10.0: cannot open shared object file: No such file or directory; LD_LIBRARY_PATH: /usr/local/cuda/lib64${LD_LIBRARY_PATH:+:}
2019-11-11 22:01:00.649243: I tensorflow/stream_executor/platform/default/dso_loader.cc:53] Could not dlopen library 'libcufft.so.10.0'; dlerror: libcufft.so.10.0: cannot open shared object file: No such file or directory; LD_LIBRARY_PATH: /usr/local/cuda/lib64${LD_LIBRARY_PATH:+:}
2019-11-11 22:01:00.649291: I tensorflow/stream_executor/platform/default/dso_loader.cc:53] Could not dlopen library 'libcurand.so.10.0'; dlerror: libcurand.so.10.0: cannot open shared object file: No such file or directory; LD_LIBRARY_PATH: /usr/local/cuda/lib64${LD_LIBRARY_PATH:+:}
2019-11-11 22:01:00.649340: I tensorflow/stream_executor/platform/default/dso_loader.cc:53] Could not dlopen library 'libcusolver.so.10.0'; dlerror: libcusolver.so.10.0: cannot open shared object file: No such file or directory; LD_LIBRARY_PATH: /usr/local/cuda/lib64${LD_LIBRARY_PATH:+:}
2019-11-11 22:01:00.649390: I tensorflow/stream_executor/platform/default/dso_loader.cc:53] Could not dlopen library 'libcusparse.so.10.0'; dlerror: libcusparse.so.10.0: cannot open shared object file: No such file or directory; LD_LIBRARY_PATH: /usr/local/cuda/lib64${LD_LIBRARY_PATH:+:}
2019-11-11 22:01:00.651796: I tensorflow/stream_executor/platform/default/dso_loader.cc:42] Successfully opened dynamic library libcudnn.so.7
2019-11-11 22:01:00.651811: W tensorflow/core/common_runtime/gpu/gpu_device.cc:1663] Cannot dlopen some GPU libraries. Skipping registering GPU devices...
2019-11-11 22:01:00.652020: I tensorflow/core/platform/cpu_feature_guard.cc:142] Your CPU supports instructions that this TensorFlow binary was not compiled to use: AVX2 FMA
2019-11-11 22:01:00.872068: I tensorflow/stream_executor/cuda/cuda_gpu_executor.cc:1005] successful NUMA node read from SysFS had negative value (-1), but there must be at least one NUMA node, so returning NUMA node zero
2019-11-11 22:01:00.872704: I tensorflow/compiler/xla/service/service.cc:168] XLA service 0x50ae430 executing computations on platform CUDA. Devices:
2019-11-11 22:01:00.872722: I tensorflow/compiler/xla/service/service.cc:175]   StreamExecutor device (0): GeForce RTX 2070, Compute Capability 7.5
2019-11-11 22:01:00.891211: I tensorflow/core/platform/profile_utils/cpu_utils.cc:94] CPU Frequency: 3408000000 Hz
2019-11-11 22:01:00.891923: I tensorflow/compiler/xla/service/service.cc:168] XLA service 0x4e50390 executing computations on platform Host. Devices:
2019-11-11 22:01:00.891947: I tensorflow/compiler/xla/service/service.cc:175]   StreamExecutor device (0): <undefined>, <undefined>
2019-11-11 22:01:00.892026: I tensorflow/core/common_runtime/gpu/gpu_device.cc:1181] Device interconnect StreamExecutor with strength 1 edge matrix:
2019-11-11 22:01:00.892033: I tensorflow/core/common_runtime/gpu/gpu_device.cc:1187]      
WARNING:tensorflow:Entity <function train_step at 0x7f519f43a1e0> could not be transformed and will be executed as-is. Please report this to the AutgoGraph team. When filing the bug, set the verbosity to 10 (on Linux, `export AUTOGRAPH_VERBOSITY=10`) and attach the full output. Cause: converting <function train_step at 0x7f519f43a1e0>: AttributeError: module 'gast' has no attribute 'Num'
WARNING:tensorflow:Entity <bound method Encoder.call of <__main__.Encoder object at 0x7f51aef98518>> could not be transformed and will be executed as-is. Please report this to the AutgoGraph team. When filing the bug, set the verbosity to 10 (on Linux, `export AUTOGRAPH_VERBOSITY=10`) and attach the full output. Cause: converting <bound method Encoder.call of <__main__.Encoder object at 0x7f51aef98518>>: AssertionError: Bad argument number for Name: 3, expecting 4
WARNING:tensorflow:Entity <bound method Decoder.call of <__main__.Decoder object at 0x7f519d8fde48>> could not be transformed and will be executed as-is. Please report this to the AutgoGraph team. When filing the bug, set the verbosity to 10 (on Linux, `export AUTOGRAPH_VERBOSITY=10`) and attach the full output. Cause: converting <bound method Decoder.call of <__main__.Decoder object at 0x7f519d8fde48>>: AttributeError: module 'gast' has no attribute 'Num'
WARNING:tensorflow:Entity <bound method BahdanauAttention.call of <__main__.BahdanauAttention object at 0x7f519d932470>> could not be transformed and will be executed as-is. Please report this to the AutgoGraph team. When filing the bug, set the verbosity to 10 (on Linux, `export AUTOGRAPH_VERBOSITY=10`) and attach the full output. Cause: converting <bound method BahdanauAttention.call of <__main__.BahdanauAttention object at 0x7f519d932470>>: AssertionError: Bad argument number for Name: 3, expecting 4
WARNING:tensorflow:Entity <bound method Decoder.call of <__main__.Decoder object at 0x7f519d8fde48>> could not be transformed and will be executed as-is. Please report this to the AutgoGraph team. When filing the bug, set the verbosity to 10 (on Linux, `export AUTOGRAPH_VERBOSITY=10`) and attach the full output. Cause: converting <bound method Decoder.call of <__main__.Decoder object at 0x7f519d8fde48>>: AttributeError: module 'gast' has no attribute 'Num'
WARNING:tensorflow:Entity <bound method BahdanauAttention.call of <__main__.BahdanauAttention object at 0x7f519d932470>> could not be transformed and will be executed as-is. Please report this to the AutgoGraph team. When filing the bug, set the verbosity to 10 (on Linux, `export AUTOGRAPH_VERBOSITY=10`) and attach the full output. Cause: converting <bound method BahdanauAttention.call of <__main__.BahdanauAttention object at 0x7f519d932470>>: AssertionError: Bad argument number for Name: 3, expecting 4
WARNING:tensorflow:Entity <bound method Decoder.call of <__main__.Decoder object at 0x7f519d8fde48>> could not be transformed and will be executed as-is. Please report this to the AutgoGraph team. When filing the bug, set the verbosity to 10 (on Linux, `export AUTOGRAPH_VERBOSITY=10`) and attach the full output. Cause: converting <bound method Decoder.call of <__main__.Decoder object at 0x7f519d8fde48>>: AttributeError: module 'gast' has no attribute 'Num'
WARNING:tensorflow:Entity <bound method BahdanauAttention.call of <__main__.BahdanauAttention object at 0x7f519d932470>> could not be transformed and will be executed as-is. Please report this to the AutgoGraph team. When filing the bug, set the verbosity to 10 (on Linux, `export AUTOGRAPH_VERBOSITY=10`) and attach the full output. Cause: converting <bound method BahdanauAttention.call of <__main__.BahdanauAttention object at 0x7f519d932470>>: AssertionError: Bad argument number for Name: 3, expecting 4
WARNING:tensorflow:Entity <bound method Decoder.call of <__main__.Decoder object at 0x7f519d8fde48>> could not be transformed and will be executed as-is. Please report this to the AutgoGraph team. When filing the bug, set the verbosity to 10 (on Linux, `export AUTOGRAPH_VERBOSITY=10`) and attach the full output. Cause: converting <bound method Decoder.call of <__main__.Decoder object at 0x7f519d8fde48>>: AttributeError: module 'gast' has no attribute 'Num'
WARNING:tensorflow:Entity <bound method BahdanauAttention.call of <__main__.BahdanauAttention object at 0x7f519d932470>> could not be transformed and will be executed as-is. Please report this to the AutgoGraph team. When filing the bug, set the verbosity to 10 (on Linux, `export AUTOGRAPH_VERBOSITY=10`) and attach the full output. Cause: converting <bound method BahdanauAttention.call of <__main__.BahdanauAttention object at 0x7f519d932470>>: AssertionError: Bad argument number for Name: 3, expecting 4
WARNING:tensorflow:Entity <bound method Decoder.call of <__main__.Decoder object at 0x7f519d8fde48>> could not be transformed and will be executed as-is. Please report this to the AutgoGraph team. When filing the bug, set the verbosity to 10 (on Linux, `export AUTOGRAPH_VERBOSITY=10`) and attach the full output. Cause: converting <bound method Decoder.call of <__main__.Decoder object at 0x7f519d8fde48>>: AttributeError: module 'gast' has no attribute 'Num'
WARNING:tensorflow:Entity <bound method BahdanauAttention.call of <__main__.BahdanauAttention object at 0x7f519d932470>> could not be transformed and will be executed as-is. Please report this to the AutgoGraph team. When filing the bug, set the verbosity to 10 (on Linux, `export AUTOGRAPH_VERBOSITY=10`) and attach the full output. Cause: converting <bound method BahdanauAttention.call of <__main__.BahdanauAttention object at 0x7f519d932470>>: AssertionError: Bad argument number for Name: 3, expecting 4
WARNING:tensorflow:Entity <bound method Decoder.call of <__main__.Decoder object at 0x7f519d8fde48>> could not be transformed and will be executed as-is. Please report this to the AutgoGraph team. When filing the bug, set the verbosity to 10 (on Linux, `export AUTOGRAPH_VERBOSITY=10`) and attach the full output. Cause: converting <bound method Decoder.call of <__main__.Decoder object at 0x7f519d8fde48>>: AttributeError: module 'gast' has no attribute 'Num'
WARNING:tensorflow:Entity <bound method BahdanauAttention.call of <__main__.BahdanauAttention object at 0x7f519d932470>> could not be transformed and will be executed as-is. Please report this to the AutgoGraph team. When filing the bug, set the verbosity to 10 (on Linux, `export AUTOGRAPH_VERBOSITY=10`) and attach the full output. Cause: converting <bound method BahdanauAttention.call of <__main__.BahdanauAttention object at 0x7f519d932470>>: AssertionError: Bad argument number for Name: 3, expecting 4
WARNING:tensorflow:Entity <bound method Decoder.call of <__main__.Decoder object at 0x7f519d8fde48>> could not be transformed and will be executed as-is. Please report this to the AutgoGraph team. When filing the bug, set the verbosity to 10 (on Linux, `export AUTOGRAPH_VERBOSITY=10`) and attach the full output. Cause: converting <bound method Decoder.call of <__main__.Decoder object at 0x7f519d8fde48>>: AttributeError: module 'gast' has no attribute 'Num'
WARNING:tensorflow:Entity <bound method BahdanauAttention.call of <__main__.BahdanauAttention object at 0x7f519d932470>> could not be transformed and will be executed as-is. Please report this to the AutgoGraph team. When filing the bug, set the verbosity to 10 (on Linux, `export AUTOGRAPH_VERBOSITY=10`) and attach the full output. Cause: converting <bound method BahdanauAttention.call of <__main__.BahdanauAttention object at 0x7f519d932470>>: AssertionError: Bad argument number for Name: 3, expecting 4
WARNING:tensorflow:Entity <bound method Decoder.call of <__main__.Decoder object at 0x7f519d8fde48>> could not be transformed and will be executed as-is. Please report this to the AutgoGraph team. When filing the bug, set the verbosity to 10 (on Linux, `export AUTOGRAPH_VERBOSITY=10`) and attach the full output. Cause: converting <bound method Decoder.call of <__main__.Decoder object at 0x7f519d8fde48>>: AttributeError: module 'gast' has no attribute 'Num'
WARNING:tensorflow:Entity <bound method BahdanauAttention.call of <__main__.BahdanauAttention object at 0x7f519d932470>> could not be transformed and will be executed as-is. Please report this to the AutgoGraph team. When filing the bug, set the verbosity to 10 (on Linux, `export AUTOGRAPH_VERBOSITY=10`) and attach the full output. Cause: converting <bound method BahdanauAttention.call of <__main__.BahdanauAttention object at 0x7f519d932470>>: AssertionError: Bad argument number for Name: 3, expecting 4
WARNING:tensorflow:Entity <bound method Decoder.call of <__main__.Decoder object at 0x7f519d8fde48>> could not be transformed and will be executed as-is. Please report this to the AutgoGraph team. When filing the bug, set the verbosity to 10 (on Linux, `export AUTOGRAPH_VERBOSITY=10`) and attach the full output. Cause: converting <bound method Decoder.call of <__main__.Decoder object at 0x7f519d8fde48>>: AttributeError: module 'gast' has no attribute 'Num'
WARNING:tensorflow:Entity <bound method BahdanauAttention.call of <__main__.BahdanauAttention object at 0x7f519d932470>> could not be transformed and will be executed as-is. Please report this to the AutgoGraph team. When filing the bug, set the verbosity to 10 (on Linux, `export AUTOGRAPH_VERBOSITY=10`) and attach the full output. Cause: converting <bound method BahdanauAttention.call of <__main__.BahdanauAttention object at 0x7f519d932470>>: AssertionError: Bad argument number for Name: 3, expecting 4
WARNING:tensorflow:Entity <bound method Decoder.call of <__main__.Decoder object at 0x7f519d8fde48>> could not be transformed and will be executed as-is. Please report this to the AutgoGraph team. When filing the bug, set the verbosity to 10 (on Linux, `export AUTOGRAPH_VERBOSITY=10`) and attach the full output. Cause: converting <bound method Decoder.call of <__main__.Decoder object at 0x7f519d8fde48>>: AttributeError: module 'gast' has no attribute 'Num'
WARNING:tensorflow:Entity <bound method BahdanauAttention.call of <__main__.BahdanauAttention object at 0x7f519d932470>> could not be transformed and will be executed as-is. Please report this to the AutgoGraph team. When filing the bug, set the verbosity to 10 (on Linux, `export AUTOGRAPH_VERBOSITY=10`) and attach the full output. Cause: converting <bound method BahdanauAttention.call of <__main__.BahdanauAttention object at 0x7f519d932470>>: AssertionError: Bad argument number for Name: 3, expecting 4
WARNING:tensorflow:From /home/momo/.local/lib/python3.6/site-packages/tensorflow/python/ops/math_grad.py:1250: add_dispatch_support.<locals>.wrapper (from tensorflow.python.ops.array_ops) is deprecated and will be removed in a future version.
Instructions for updating:
Use tf.where in 2.0, which has the same broadcast rule as np.where
2019-11-11 22:01:11.475020: W tensorflow/core/common_runtime/eager/context.cc:371] Added two functions with the same name: encoder_gru_while_cond_2323
2019-11-11 22:01:11.475094: W tensorflow/core/common_runtime/eager/context.cc:371] Added two functions with the same name: encoder_gru_while_body_2324
2019-11-11 22:01:11.475419: W tensorflow/core/common_runtime/eager/context.cc:371] Added two functions with the same name: decoder_gru_1_while_cond_2689
2019-11-11 22:01:11.475446: W tensorflow/core/common_runtime/eager/context.cc:371] Added two functions with the same name: decoder_gru_1_while_body_2690
2019-11-11 22:01:11.475676: W tensorflow/core/common_runtime/eager/context.cc:371] Added two functions with the same name: decoder_1_gru_1_while_cond_3087
2019-11-11 22:01:11.475699: W tensorflow/core/common_runtime/eager/context.cc:371] Added two functions with the same name: decoder_1_gru_1_while_body_3088
2019-11-11 22:01:11.475887: W tensorflow/core/common_runtime/eager/context.cc:371] Added two functions with the same name: decoder_2_gru_1_while_cond_3482
2019-11-11 22:01:11.475910: W tensorflow/core/common_runtime/eager/context.cc:371] Added two functions with the same name: decoder_2_gru_1_while_body_3483
2019-11-11 22:01:11.476094: W tensorflow/core/common_runtime/eager/context.cc:371] Added two functions with the same name: decoder_3_gru_1_while_cond_3877
2019-11-11 22:01:11.476114: W tensorflow/core/common_runtime/eager/context.cc:371] Added two functions with the same name: decoder_3_gru_1_while_body_3878
2019-11-11 22:01:11.476300: W tensorflow/core/common_runtime/eager/context.cc:371] Added two functions with the same name: decoder_4_gru_1_while_cond_4272
2019-11-11 22:01:11.476322: W tensorflow/core/common_runtime/eager/context.cc:371] Added two functions with the same name: decoder_4_gru_1_while_body_4273
2019-11-11 22:01:11.476514: W tensorflow/core/common_runtime/eager/context.cc:371] Added two functions with the same name: decoder_5_gru_1_while_cond_4667
2019-11-11 22:01:11.476535: W tensorflow/core/common_runtime/eager/context.cc:371] Added two functions with the same name: decoder_5_gru_1_while_body_4668
2019-11-11 22:01:11.476718: W tensorflow/core/common_runtime/eager/context.cc:371] Added two functions with the same name: decoder_6_gru_1_while_cond_5062
2019-11-11 22:01:11.476739: W tensorflow/core/common_runtime/eager/context.cc:371] Added two functions with the same name: decoder_6_gru_1_while_body_5063
2019-11-11 22:01:11.476926: W tensorflow/core/common_runtime/eager/context.cc:371] Added two functions with the same name: decoder_7_gru_1_while_cond_5457
2019-11-11 22:01:11.476948: W tensorflow/core/common_runtime/eager/context.cc:371] Added two functions with the same name: decoder_7_gru_1_while_body_5458
2019-11-11 22:01:11.477140: W tensorflow/core/common_runtime/eager/context.cc:371] Added two functions with the same name: decoder_8_gru_1_while_cond_5852
2019-11-11 22:01:11.477162: W tensorflow/core/common_runtime/eager/context.cc:371] Added two functions with the same name: decoder_8_gru_1_while_body_5853
2019-11-11 22:01:11.477357: W tensorflow/core/common_runtime/eager/context.cc:371] Added two functions with the same name: decoder_9_gru_1_while_cond_6247
2019-11-11 22:01:11.477378: W tensorflow/core/common_runtime/eager/context.cc:371] Added two functions with the same name: decoder_9_gru_1_while_body_6248
2019-11-11 22:01:11.477565: W tensorflow/core/common_runtime/eager/context.cc:371] Added two functions with the same name: decoder_9_gru_1_while_cond_6247_rewritten
2019-11-11 22:01:11.477628: W tensorflow/core/common_runtime/eager/context.cc:371] Added two functions with the same name: decoder_9_gru_1_while_body_6248_rewritten
2019-11-11 22:01:11.477956: W tensorflow/core/common_runtime/eager/context.cc:371] Added two functions with the same name: decoder_9_gru_1_while_cond_6247_grad_7739
2019-11-11 22:01:11.478001: W tensorflow/core/common_runtime/eager/context.cc:371] Added two functions with the same name: decoder_9_gru_1_while_body_6248_grad_6775
2019-11-11 22:01:11.478590: W tensorflow/core/common_runtime/eager/context.cc:371] Added two functions with the same name: decoder_8_gru_1_while_cond_5852_rewritten
2019-11-11 22:01:11.478644: W tensorflow/core/common_runtime/eager/context.cc:371] Added two functions with the same name: decoder_8_gru_1_while_body_5853_rewritten
2019-11-11 22:01:11.479013: W tensorflow/core/common_runtime/eager/context.cc:371] Added two functions with the same name: decoder_8_gru_1_while_cond_5852_grad_9252
2019-11-11 22:01:11.479060: W tensorflow/core/common_runtime/eager/context.cc:371] Added two functions with the same name: decoder_8_gru_1_while_body_5853_grad_8288
2019-11-11 22:01:11.479648: W tensorflow/core/common_runtime/eager/context.cc:371] Added two functions with the same name: decoder_7_gru_1_while_cond_5457_rewritten
2019-11-11 22:01:11.479702: W tensorflow/core/common_runtime/eager/context.cc:371] Added two functions with the same name: decoder_7_gru_1_while_body_5458_rewritten
2019-11-11 22:01:11.480026: W tensorflow/core/common_runtime/eager/context.cc:371] Added two functions with the same name: decoder_7_gru_1_while_cond_5457_grad_10709
2019-11-11 22:01:11.480073: W tensorflow/core/common_runtime/eager/context.cc:371] Added two functions with the same name: decoder_7_gru_1_while_body_5458_grad_9745
2019-11-11 22:01:11.480655: W tensorflow/core/common_runtime/eager/context.cc:371] Added two functions with the same name: decoder_6_gru_1_while_cond_5062_rewritten
2019-11-11 22:01:11.480709: W tensorflow/core/common_runtime/eager/context.cc:371] Added two functions with the same name: decoder_6_gru_1_while_body_5063_rewritten
2019-11-11 22:01:11.481039: W tensorflow/core/common_runtime/eager/context.cc:371] Added two functions with the same name: decoder_6_gru_1_while_cond_5062_grad_12166
2019-11-11 22:01:11.481084: W tensorflow/core/common_runtime/eager/context.cc:371] Added two functions with the same name: decoder_6_gru_1_while_body_5063_grad_11202
2019-11-11 22:01:11.481676: W tensorflow/core/common_runtime/eager/context.cc:371] Added two functions with the same name: decoder_5_gru_1_while_cond_4667_rewritten
2019-11-11 22:01:11.481730: W tensorflow/core/common_runtime/eager/context.cc:371] Added two functions with the same name: decoder_5_gru_1_while_body_4668_rewritten
2019-11-11 22:01:11.482057: W tensorflow/core/common_runtime/eager/context.cc:371] Added two functions with the same name: decoder_5_gru_1_while_cond_4667_grad_13623
2019-11-11 22:01:11.482104: W tensorflow/core/common_runtime/eager/context.cc:371] Added two functions with the same name: decoder_5_gru_1_while_body_4668_grad_12659
2019-11-11 22:01:11.482740: W tensorflow/core/common_runtime/eager/context.cc:371] Added two functions with the same name: decoder_4_gru_1_while_cond_4272_rewritten
2019-11-11 22:01:11.482796: W tensorflow/core/common_runtime/eager/context.cc:371] Added two functions with the same name: decoder_4_gru_1_while_body_4273_rewritten
2019-11-11 22:01:11.483136: W tensorflow/core/common_runtime/eager/context.cc:371] Added two functions with the same name: decoder_4_gru_1_while_cond_4272_grad_15080
2019-11-11 22:01:11.483184: W tensorflow/core/common_runtime/eager/context.cc:371] Added two functions with the same name: decoder_4_gru_1_while_body_4273_grad_14116
2019-11-11 22:01:11.483768: W tensorflow/core/common_runtime/eager/context.cc:371] Added two functions with the same name: decoder_3_gru_1_while_cond_3877_rewritten
2019-11-11 22:01:11.483822: W tensorflow/core/common_runtime/eager/context.cc:371] Added two functions with the same name: decoder_3_gru_1_while_body_3878_rewritten
2019-11-11 22:01:11.484152: W tensorflow/core/common_runtime/eager/context.cc:371] Added two functions with the same name: decoder_3_gru_1_while_cond_3877_grad_16537
2019-11-11 22:01:11.484198: W tensorflow/core/common_runtime/eager/context.cc:371] Added two functions with the same name: decoder_3_gru_1_while_body_3878_grad_15573
2019-11-11 22:01:11.484791: W tensorflow/core/common_runtime/eager/context.cc:371] Added two functions with the same name: decoder_2_gru_1_while_cond_3482_rewritten
2019-11-11 22:01:11.484845: W tensorflow/core/common_runtime/eager/context.cc:371] Added two functions with the same name: decoder_2_gru_1_while_body_3483_rewritten
2019-11-11 22:01:11.485170: W tensorflow/core/common_runtime/eager/context.cc:371] Added two functions with the same name: decoder_2_gru_1_while_cond_3482_grad_17994
2019-11-11 22:01:11.485217: W tensorflow/core/common_runtime/eager/context.cc:371] Added two functions with the same name: decoder_2_gru_1_while_body_3483_grad_17030
2019-11-11 22:01:11.485805: W tensorflow/core/common_runtime/eager/context.cc:371] Added two functions with the same name: decoder_1_gru_1_while_cond_3087_rewritten
2019-11-11 22:01:11.485859: W tensorflow/core/common_runtime/eager/context.cc:371] Added two functions with the same name: decoder_1_gru_1_while_body_3088_rewritten
2019-11-11 22:01:11.486186: W tensorflow/core/common_runtime/eager/context.cc:371] Added two functions with the same name: decoder_1_gru_1_while_cond_3087_grad_19451
2019-11-11 22:01:11.486233: W tensorflow/core/common_runtime/eager/context.cc:371] Added two functions with the same name: decoder_1_gru_1_while_body_3088_grad_18487
2019-11-11 22:01:11.486853: W tensorflow/core/common_runtime/eager/context.cc:371] Added two functions with the same name: decoder_gru_1_while_cond_2689_rewritten
2019-11-11 22:01:11.486909: W tensorflow/core/common_runtime/eager/context.cc:371] Added two functions with the same name: decoder_gru_1_while_body_2690_rewritten
2019-11-11 22:01:11.487241: W tensorflow/core/common_runtime/eager/context.cc:371] Added two functions with the same name: decoder_gru_1_while_cond_2689_grad_20908
2019-11-11 22:01:11.487289: W tensorflow/core/common_runtime/eager/context.cc:371] Added two functions with the same name: decoder_gru_1_while_body_2690_grad_19944
2019-11-11 22:01:11.487905: W tensorflow/core/common_runtime/eager/context.cc:371] Added two functions with the same name: encoder_gru_while_cond_2323_rewritten
2019-11-11 22:01:11.487965: W tensorflow/core/common_runtime/eager/context.cc:371] Added two functions with the same name: encoder_gru_while_body_2324_rewritten
2019-11-11 22:01:11.488298: W tensorflow/core/common_runtime/eager/context.cc:371] Added two functions with the same name: encoder_gru_while_cond_2323_grad_22387
2019-11-11 22:01:11.488345: W tensorflow/core/common_runtime/eager/context.cc:371] Added two functions with the same name: encoder_gru_while_body_2324_grad_21423
WARNING:tensorflow:Entity <function Function._initialize_uninitialized_variables.<locals>.initialize_variables at 0x7f519d656840> could not be transformed and will be executed as-is. Please report this to the AutgoGraph team. When filing the bug, set the verbosity to 10 (on Linux, `export AUTOGRAPH_VERBOSITY=10`) and attach the full output. Cause: converting <function Function._initialize_uninitialized_variables.<locals>.initialize_variables at 0x7f519d656840>: AttributeError: module 'gast' has no attribute 'Num'
WARNING:tensorflow:Entity <function train_step at 0x7f519f43a1e0> could not be transformed and will be executed as-is. Please report this to the AutgoGraph team. When filing the bug, set the verbosity to 10 (on Linux, `export AUTOGRAPH_VERBOSITY=10`) and attach the full output. Cause: converting <function train_step at 0x7f519f43a1e0>: AttributeError: module 'gast' has no attribute 'Num'
WARNING:tensorflow:Entity <bound method Encoder.call of <__main__.Encoder object at 0x7f51aef98518>> could not be transformed and will be executed as-is. Please report this to the AutgoGraph team. When filing the bug, set the verbosity to 10 (on Linux, `export AUTOGRAPH_VERBOSITY=10`) and attach the full output. Cause: converting <bound method Encoder.call of <__main__.Encoder object at 0x7f51aef98518>>: AssertionError: Bad argument number for Name: 3, expecting 4
WARNING:tensorflow:Entity <bound method Decoder.call of <__main__.Decoder object at 0x7f519d8fde48>> could not be transformed and will be executed as-is. Please report this to the AutgoGraph team. When filing the bug, set the verbosity to 10 (on Linux, `export AUTOGRAPH_VERBOSITY=10`) and attach the full output. Cause: converting <bound method Decoder.call of <__main__.Decoder object at 0x7f519d8fde48>>: AttributeError: module 'gast' has no attribute 'Num'
WARNING:tensorflow:Entity <bound method BahdanauAttention.call of <__main__.BahdanauAttention object at 0x7f519d932470>> could not be transformed and will be executed as-is. Please report this to the AutgoGraph team. When filing the bug, set the verbosity to 10 (on Linux, `export AUTOGRAPH_VERBOSITY=10`) and attach the full output. Cause: converting <bound method BahdanauAttention.call of <__main__.BahdanauAttention object at 0x7f519d932470>>: AssertionError: Bad argument number for Name: 3, expecting 4
WARNING:tensorflow:Entity <bound method Decoder.call of <__main__.Decoder object at 0x7f519d8fde48>> could not be transformed and will be executed as-is. Please report this to the AutgoGraph team. When filing the bug, set the verbosity to 10 (on Linux, `export AUTOGRAPH_VERBOSITY=10`) and attach the full output. Cause: converting <bound method Decoder.call of <__main__.Decoder object at 0x7f519d8fde48>>: AttributeError: module 'gast' has no attribute 'Num'
WARNING:tensorflow:Entity <bound method BahdanauAttention.call of <__main__.BahdanauAttention object at 0x7f519d932470>> could not be transformed and will be executed as-is. Please report this to the AutgoGraph team. When filing the bug, set the verbosity to 10 (on Linux, `export AUTOGRAPH_VERBOSITY=10`) and attach the full output. Cause: converting <bound method BahdanauAttention.call of <__main__.BahdanauAttention object at 0x7f519d932470>>: AssertionError: Bad argument number for Name: 3, expecting 4
WARNING:tensorflow:Entity <bound method Decoder.call of <__main__.Decoder object at 0x7f519d8fde48>> could not be transformed and will be executed as-is. Please report this to the AutgoGraph team. When filing the bug, set the verbosity to 10 (on Linux, `export AUTOGRAPH_VERBOSITY=10`) and attach the full output. Cause: converting <bound method Decoder.call of <__main__.Decoder object at 0x7f519d8fde48>>: AttributeError: module 'gast' has no attribute 'Num'
WARNING:tensorflow:Entity <bound method BahdanauAttention.call of <__main__.BahdanauAttention object at 0x7f519d932470>> could not be transformed and will be executed as-is. Please report this to the AutgoGraph team. When filing the bug, set the verbosity to 10 (on Linux, `export AUTOGRAPH_VERBOSITY=10`) and attach the full output. Cause: converting <bound method BahdanauAttention.call of <__main__.BahdanauAttention object at 0x7f519d932470>>: AssertionError: Bad argument number for Name: 3, expecting 4
WARNING:tensorflow:Entity <bound method Decoder.call of <__main__.Decoder object at 0x7f519d8fde48>> could not be transformed and will be executed as-is. Please report this to the AutgoGraph team. When filing the bug, set the verbosity to 10 (on Linux, `export AUTOGRAPH_VERBOSITY=10`) and attach the full output. Cause: converting <bound method Decoder.call of <__main__.Decoder object at 0x7f519d8fde48>>: AttributeError: module 'gast' has no attribute 'Num'
WARNING:tensorflow:Entity <bound method BahdanauAttention.call of <__main__.BahdanauAttention object at 0x7f519d932470>> could not be transformed and will be executed as-is. Please report this to the AutgoGraph team. When filing the bug, set the verbosity to 10 (on Linux, `export AUTOGRAPH_VERBOSITY=10`) and attach the full output. Cause: converting <bound method BahdanauAttention.call of <__main__.BahdanauAttention object at 0x7f519d932470>>: AssertionError: Bad argument number for Name: 3, expecting 4
WARNING:tensorflow:Entity <bound method Decoder.call of <__main__.Decoder object at 0x7f519d8fde48>> could not be transformed and will be executed as-is. Please report this to the AutgoGraph team. When filing the bug, set the verbosity to 10 (on Linux, `export AUTOGRAPH_VERBOSITY=10`) and attach the full output. Cause: converting <bound method Decoder.call of <__main__.Decoder object at 0x7f519d8fde48>>: AttributeError: module 'gast' has no attribute 'Num'
WARNING:tensorflow:Entity <bound method BahdanauAttention.call of <__main__.BahdanauAttention object at 0x7f519d932470>> could not be transformed and will be executed as-is. Please report this to the AutgoGraph team. When filing the bug, set the verbosity to 10 (on Linux, `export AUTOGRAPH_VERBOSITY=10`) and attach the full output. Cause: converting <bound method BahdanauAttention.call of <__main__.BahdanauAttention object at 0x7f519d932470>>: AssertionError: Bad argument number for Name: 3, expecting 4
WARNING:tensorflow:Entity <bound method Decoder.call of <__main__.Decoder object at 0x7f519d8fde48>> could not be transformed and will be executed as-is. Please report this to the AutgoGraph team. When filing the bug, set the verbosity to 10 (on Linux, `export AUTOGRAPH_VERBOSITY=10`) and attach the full output. Cause: converting <bound method Decoder.call of <__main__.Decoder object at 0x7f519d8fde48>>: AttributeError: module 'gast' has no attribute 'Num'
WARNING:tensorflow:Entity <bound method BahdanauAttention.call of <__main__.BahdanauAttention object at 0x7f519d932470>> could not be transformed and will be executed as-is. Please report this to the AutgoGraph team. When filing the bug, set the verbosity to 10 (on Linux, `export AUTOGRAPH_VERBOSITY=10`) and attach the full output. Cause: converting <bound method BahdanauAttention.call of <__main__.BahdanauAttention object at 0x7f519d932470>>: AssertionError: Bad argument number for Name: 3, expecting 4
WARNING:tensorflow:Entity <bound method Decoder.call of <__main__.Decoder object at 0x7f519d8fde48>> could not be transformed and will be executed as-is. Please report this to the AutgoGraph team. When filing the bug, set the verbosity to 10 (on Linux, `export AUTOGRAPH_VERBOSITY=10`) and attach the full output. Cause: converting <bound method Decoder.call of <__main__.Decoder object at 0x7f519d8fde48>>: AttributeError: module 'gast' has no attribute 'Num'
WARNING:tensorflow:Entity <bound method BahdanauAttention.call of <__main__.BahdanauAttention object at 0x7f519d932470>> could not be transformed and will be executed as-is. Please report this to the AutgoGraph team. When filing the bug, set the verbosity to 10 (on Linux, `export AUTOGRAPH_VERBOSITY=10`) and attach the full output. Cause: converting <bound method BahdanauAttention.call of <__main__.BahdanauAttention object at 0x7f519d932470>>: AssertionError: Bad argument number for Name: 3, expecting 4
WARNING:tensorflow:Entity <bound method Decoder.call of <__main__.Decoder object at 0x7f519d8fde48>> could not be transformed and will be executed as-is. Please report this to the AutgoGraph team. When filing the bug, set the verbosity to 10 (on Linux, `export AUTOGRAPH_VERBOSITY=10`) and attach the full output. Cause: converting <bound method Decoder.call of <__main__.Decoder object at 0x7f519d8fde48>>: AttributeError: module 'gast' has no attribute 'Num'
WARNING:tensorflow:Entity <bound method BahdanauAttention.call of <__main__.BahdanauAttention object at 0x7f519d932470>> could not be transformed and will be executed as-is. Please report this to the AutgoGraph team. When filing the bug, set the verbosity to 10 (on Linux, `export AUTOGRAPH_VERBOSITY=10`) and attach the full output. Cause: converting <bound method BahdanauAttention.call of <__main__.BahdanauAttention object at 0x7f519d932470>>: AssertionError: Bad argument number for Name: 3, expecting 4
WARNING:tensorflow:Entity <bound method Decoder.call of <__main__.Decoder object at 0x7f519d8fde48>> could not be transformed and will be executed as-is. Please report this to the AutgoGraph team. When filing the bug, set the verbosity to 10 (on Linux, `export AUTOGRAPH_VERBOSITY=10`) and attach the full output. Cause: converting <bound method Decoder.call of <__main__.Decoder object at 0x7f519d8fde48>>: AttributeError: module 'gast' has no attribute 'Num'
WARNING:tensorflow:Entity <bound method BahdanauAttention.call of <__main__.BahdanauAttention object at 0x7f519d932470>> could not be transformed and will be executed as-is. Please report this to the AutgoGraph team. When filing the bug, set the verbosity to 10 (on Linux, `export AUTOGRAPH_VERBOSITY=10`) and attach the full output. Cause: converting <bound method BahdanauAttention.call of <__main__.BahdanauAttention object at 0x7f519d932470>>: AssertionError: Bad argument number for Name: 3, expecting 4
WARNING:tensorflow:Entity <bound method Decoder.call of <__main__.Decoder object at 0x7f519d8fde48>> could not be transformed and will be executed as-is. Please report this to the AutgoGraph team. When filing the bug, set the verbosity to 10 (on Linux, `export AUTOGRAPH_VERBOSITY=10`) and attach the full output. Cause: converting <bound method Decoder.call of <__main__.Decoder object at 0x7f519d8fde48>>: AttributeError: module 'gast' has no attribute 'Num'
WARNING:tensorflow:Entity <bound method BahdanauAttention.call of <__main__.BahdanauAttention object at 0x7f519d932470>> could not be transformed and will be executed as-is. Please report this to the AutgoGraph team. When filing the bug, set the verbosity to 10 (on Linux, `export AUTOGRAPH_VERBOSITY=10`) and attach the full output. Cause: converting <bound method BahdanauAttention.call of <__main__.BahdanauAttention object at 0x7f519d932470>>: AssertionError: Bad argument number for Name: 3, expecting 4
2019-11-11 22:01:22.033175: W tensorflow/core/common_runtime/eager/context.cc:371] Added two functions with the same name: encoder_gru_while_cond_23581
2019-11-11 22:01:22.033244: W tensorflow/core/common_runtime/eager/context.cc:371] Added two functions with the same name: encoder_gru_while_body_23582
2019-11-11 22:01:22.033451: W tensorflow/core/common_runtime/eager/context.cc:371] Added two functions with the same name: decoder_gru_1_while_cond_23947
2019-11-11 22:01:22.033475: W tensorflow/core/common_runtime/eager/context.cc:371] Added two functions with the same name: decoder_gru_1_while_body_23948
2019-11-11 22:01:22.033664: W tensorflow/core/common_runtime/eager/context.cc:371] Added two functions with the same name: decoder_1_gru_1_while_cond_24345
2019-11-11 22:01:22.033686: W tensorflow/core/common_runtime/eager/context.cc:371] Added two functions with the same name: decoder_1_gru_1_while_body_24346
2019-11-11 22:01:22.033867: W tensorflow/core/common_runtime/eager/context.cc:371] Added two functions with the same name: decoder_2_gru_1_while_cond_24740
2019-11-11 22:01:22.033888: W tensorflow/core/common_runtime/eager/context.cc:371] Added two functions with the same name: decoder_2_gru_1_while_body_24741
2019-11-11 22:01:22.034065: W tensorflow/core/common_runtime/eager/context.cc:371] Added two functions with the same name: decoder_3_gru_1_while_cond_25135
2019-11-11 22:01:22.034086: W tensorflow/core/common_runtime/eager/context.cc:371] Added two functions with the same name: decoder_3_gru_1_while_body_25136
2019-11-11 22:01:22.034261: W tensorflow/core/common_runtime/eager/context.cc:371] Added two functions with the same name: decoder_4_gru_1_while_cond_25530
2019-11-11 22:01:22.034281: W tensorflow/core/common_runtime/eager/context.cc:371] Added two functions with the same name: decoder_4_gru_1_while_body_25531
2019-11-11 22:01:22.034457: W tensorflow/core/common_runtime/eager/context.cc:371] Added two functions with the same name: decoder_5_gru_1_while_cond_25925
2019-11-11 22:01:22.034478: W tensorflow/core/common_runtime/eager/context.cc:371] Added two functions with the same name: decoder_5_gru_1_while_body_25926
2019-11-11 22:01:22.034658: W tensorflow/core/common_runtime/eager/context.cc:371] Added two functions with the same name: decoder_6_gru_1_while_cond_26320
2019-11-11 22:01:22.034680: W tensorflow/core/common_runtime/eager/context.cc:371] Added two functions with the same name: decoder_6_gru_1_while_body_26321
2019-11-11 22:01:22.034859: W tensorflow/core/common_runtime/eager/context.cc:371] Added two functions with the same name: decoder_7_gru_1_while_cond_26715
2019-11-11 22:01:22.034880: W tensorflow/core/common_runtime/eager/context.cc:371] Added two functions with the same name: decoder_7_gru_1_while_body_26716
2019-11-11 22:01:22.035076: W tensorflow/core/common_runtime/eager/context.cc:371] Added two functions with the same name: decoder_8_gru_1_while_cond_27110
2019-11-11 22:01:22.035097: W tensorflow/core/common_runtime/eager/context.cc:371] Added two functions with the same name: decoder_8_gru_1_while_body_27111
2019-11-11 22:01:22.035275: W tensorflow/core/common_runtime/eager/context.cc:371] Added two functions with the same name: decoder_9_gru_1_while_cond_27505
2019-11-11 22:01:22.035296: W tensorflow/core/common_runtime/eager/context.cc:371] Added two functions with the same name: decoder_9_gru_1_while_body_27506
2019-11-11 22:01:22.035474: W tensorflow/core/common_runtime/eager/context.cc:371] Added two functions with the same name: decoder_9_gru_1_while_cond_27505_rewritten
2019-11-11 22:01:22.035526: W tensorflow/core/common_runtime/eager/context.cc:371] Added two functions with the same name: decoder_9_gru_1_while_body_27506_rewritten
2019-11-11 22:01:22.035853: W tensorflow/core/common_runtime/eager/context.cc:371] Added two functions with the same name: decoder_9_gru_1_while_cond_27505_grad_28997
2019-11-11 22:01:22.035900: W tensorflow/core/common_runtime/eager/context.cc:371] Added two functions with the same name: decoder_9_gru_1_while_body_27506_grad_28033
2019-11-11 22:01:22.036499: W tensorflow/core/common_runtime/eager/context.cc:371] Added two functions with the same name: decoder_8_gru_1_while_cond_27110_rewritten
2019-11-11 22:01:22.036555: W tensorflow/core/common_runtime/eager/context.cc:371] Added two functions with the same name: decoder_8_gru_1_while_body_27111_rewritten
2019-11-11 22:01:22.036892: W tensorflow/core/common_runtime/eager/context.cc:371] Added two functions with the same name: decoder_8_gru_1_while_cond_27110_grad_30510
2019-11-11 22:01:22.036939: W tensorflow/core/common_runtime/eager/context.cc:371] Added two functions with the same name: decoder_8_gru_1_while_body_27111_grad_29546
2019-11-11 22:01:22.037538: W tensorflow/core/common_runtime/eager/context.cc:371] Added two functions with the same name: decoder_7_gru_1_while_cond_26715_rewritten
2019-11-11 22:01:22.037593: W tensorflow/core/common_runtime/eager/context.cc:371] Added two functions with the same name: decoder_7_gru_1_while_body_26716_rewritten
2019-11-11 22:01:22.037917: W tensorflow/core/common_runtime/eager/context.cc:371] Added two functions with the same name: decoder_7_gru_1_while_cond_26715_grad_31967
2019-11-11 22:01:22.037965: W tensorflow/core/common_runtime/eager/context.cc:371] Added two functions with the same name: decoder_7_gru_1_while_body_26716_grad_31003
2019-11-11 22:01:22.038547: W tensorflow/core/common_runtime/eager/context.cc:371] Added two functions with the same name: decoder_6_gru_1_while_cond_26320_rewritten
2019-11-11 22:01:22.038602: W tensorflow/core/common_runtime/eager/context.cc:371] Added two functions with the same name: decoder_6_gru_1_while_body_26321_rewritten
2019-11-11 22:01:22.038935: W tensorflow/core/common_runtime/eager/context.cc:371] Added two functions with the same name: decoder_6_gru_1_while_cond_26320_grad_33424
2019-11-11 22:01:22.038983: W tensorflow/core/common_runtime/eager/context.cc:371] Added two functions with the same name: decoder_6_gru_1_while_body_26321_grad_32460
2019-11-11 22:01:22.039575: W tensorflow/core/common_runtime/eager/context.cc:371] Added two functions with the same name: decoder_5_gru_1_while_cond_25925_rewritten
2019-11-11 22:01:22.039628: W tensorflow/core/common_runtime/eager/context.cc:371] Added two functions with the same name: decoder_5_gru_1_while_body_25926_rewritten
2019-11-11 22:01:22.039960: W tensorflow/core/common_runtime/eager/context.cc:371] Added two functions with the same name: decoder_5_gru_1_while_cond_25925_grad_34881
2019-11-11 22:01:22.040006: W tensorflow/core/common_runtime/eager/context.cc:371] Added two functions with the same name: decoder_5_gru_1_while_body_25926_grad_33917
2019-11-11 22:01:22.040600: W tensorflow/core/common_runtime/eager/context.cc:371] Added two functions with the same name: decoder_4_gru_1_while_cond_25530_rewritten
2019-11-11 22:01:22.040654: W tensorflow/core/common_runtime/eager/context.cc:371] Added two functions with the same name: decoder_4_gru_1_while_body_25531_rewritten
2019-11-11 22:01:22.040984: W tensorflow/core/common_runtime/eager/context.cc:371] Added two functions with the same name: decoder_4_gru_1_while_cond_25530_grad_36338
2019-11-11 22:01:22.041030: W tensorflow/core/common_runtime/eager/context.cc:371] Added two functions with the same name: decoder_4_gru_1_while_body_25531_grad_35374
2019-11-11 22:01:22.041613: W tensorflow/core/common_runtime/eager/context.cc:371] Added two functions with the same name: decoder_3_gru_1_while_cond_25135_rewritten
2019-11-11 22:01:22.041667: W tensorflow/core/common_runtime/eager/context.cc:371] Added two functions with the same name: decoder_3_gru_1_while_body_25136_rewritten
2019-11-11 22:01:22.042001: W tensorflow/core/common_runtime/eager/context.cc:371] Added two functions with the same name: decoder_3_gru_1_while_cond_25135_grad_37795
2019-11-11 22:01:22.042046: W tensorflow/core/common_runtime/eager/context.cc:371] Added two functions with the same name: decoder_3_gru_1_while_body_25136_grad_36831
2019-11-11 22:01:22.042636: W tensorflow/core/common_runtime/eager/context.cc:371] Added two functions with the same name: decoder_2_gru_1_while_cond_24740_rewritten
2019-11-11 22:01:22.042694: W tensorflow/core/common_runtime/eager/context.cc:371] Added two functions with the same name: decoder_2_gru_1_while_body_24741_rewritten
2019-11-11 22:01:22.043025: W tensorflow/core/common_runtime/eager/context.cc:371] Added two functions with the same name: decoder_2_gru_1_while_cond_24740_grad_39252
2019-11-11 22:01:22.043072: W tensorflow/core/common_runtime/eager/context.cc:371] Added two functions with the same name: decoder_2_gru_1_while_body_24741_grad_38288
2019-11-11 22:01:22.043652: W tensorflow/core/common_runtime/eager/context.cc:371] Added two functions with the same name: decoder_1_gru_1_while_cond_24345_rewritten
2019-11-11 22:01:22.043709: W tensorflow/core/common_runtime/eager/context.cc:371] Added two functions with the same name: decoder_1_gru_1_while_body_24346_rewritten
2019-11-11 22:01:22.044032: W tensorflow/core/common_runtime/eager/context.cc:371] Added two functions with the same name: decoder_1_gru_1_while_cond_24345_grad_40709
2019-11-11 22:01:22.044079: W tensorflow/core/common_runtime/eager/context.cc:371] Added two functions with the same name: decoder_1_gru_1_while_body_24346_grad_39745
2019-11-11 22:01:22.044666: W tensorflow/core/common_runtime/eager/context.cc:371] Added two functions with the same name: decoder_gru_1_while_cond_23947_rewritten
2019-11-11 22:01:22.044721: W tensorflow/core/common_runtime/eager/context.cc:371] Added two functions with the same name: decoder_gru_1_while_body_23948_rewritten
2019-11-11 22:01:22.045053: W tensorflow/core/common_runtime/eager/context.cc:371] Added two functions with the same name: decoder_gru_1_while_cond_23947_grad_42166
2019-11-11 22:01:22.045100: W tensorflow/core/common_runtime/eager/context.cc:371] Added two functions with the same name: decoder_gru_1_while_body_23948_grad_41202
2019-11-11 22:01:22.045688: W tensorflow/core/common_runtime/eager/context.cc:371] Added two functions with the same name: encoder_gru_while_cond_23581_rewritten
2019-11-11 22:01:22.045742: W tensorflow/core/common_runtime/eager/context.cc:371] Added two functions with the same name: encoder_gru_while_body_23582_rewritten
2019-11-11 22:01:22.046073: W tensorflow/core/common_runtime/eager/context.cc:371] Added two functions with the same name: encoder_gru_while_cond_23581_grad_43645
2019-11-11 22:01:22.046120: W tensorflow/core/common_runtime/eager/context.cc:371] Added two functions with the same name: encoder_gru_while_body_23582_grad_42681
2019-11-11 22:01:23.267908: E tensorflow/core/grappler/optimizers/meta_optimizer.cc:502] constant folding failed: Invalid argument: Unsupported type: 21
2019-11-11 22:01:28.196440: E tensorflow/core/grappler/optimizers/meta_optimizer.cc:502] constant folding failed: Invalid argument: Unsupported type: 21
2019-11-11 22:01:30.840938: W tensorflow/compiler/jit/mark_for_compilation_pass.cc:1412] (One-time warning): Not using XLA:CPU for cluster because envvar TF_XLA_FLAGS=--tf_xla_cpu_global_jit was not set.  If you want XLA:CPU, either set that envvar, or use experimental_jit_scope to enable XLA:CPU.  To confirm that XLA is active, pass --vmodule=xla_compilation_cache=1 (as a proper command-line flag, not via TF_XLA_FLAGS) or set the envvar XLA_FLAGS=--xla_hlo_profile.
<start> may i borrow this book ? <end>
b'<start> \xc2\xbf puedo tomar prestado este libro ? <end>'
<start> if you want to sound like a native speaker , you must be willing to practice saying the same sentence over and over in the same way that banjo players practice the same phrase over and over until they can play it correctly and at the desired tempo . <end>
<start> si quieres sonar como un hablante nativo , debes estar dispuesto a practicar diciendo la misma frase una y otra vez de la misma manera en que un musico de banjo practica el mismo fraseo una y otra vez hasta que lo puedan tocar correctamente y en el tiempo esperado . <end>
24000 24000 6000 6000
Input Language; index to word mapping
1 ----> <start>
64 ----> he
898 ----> ganado
833 ----> peso
3 ----> .
2 ----> <end>

Target Language; index to word mapping
1 ----> <start>
4 ----> i
29 ----> have
1648 ----> gained
599 ----> weight
3 ----> .
2 ----> <end>
Encoder output shape: (batch size, sequence length, units) (64, 16, 1024)
Encoder Hidden state shape: (batch size, units) (64, 1024)
Attention result shape: (batch size, units) (64, 1024)
Attention weights shape: (batch_size, sequence_length, 1) (64, 16, 1)
Decoder output shape: (batch_size, vocab size) (64, 4935)
Epoch 1 Batch 0 Loss 4.4820
Epoch 1 Batch 100 Loss 2.2036
Epoch 1 Batch 200 Loss 1.8432
Epoch 1 Batch 300 Loss 1.7460
Epoch 1 Loss 2.0100
Time taken for 1 epoch 403.887836933136 sec

Epoch 2 Batch 0 Loss 1.4711
Epoch 2 Batch 100 Loss 1.5244
Epoch 2 Batch 200 Loss 1.4240
Epoch 2 Batch 300 Loss 1.3493
Epoch 2 Loss 1.4288
Time taken for 1 epoch 372.81667971611023 sec

Epoch 3 Batch 0 Loss 1.0885
Epoch 3 Batch 100 Loss 1.1996
Epoch 3 Batch 200 Loss 1.0598
Epoch 3 Batch 300 Loss 0.9828
Epoch 3 Loss 1.0693
Time taken for 1 epoch 372.3874137401581 sec

Epoch 4 Batch 0 Loss 0.7601
Epoch 4 Batch 100 Loss 0.8521
Epoch 4 Batch 200 Loss 0.7643
Epoch 4 Batch 300 Loss 0.7167
Epoch 4 Loss 0.7518
Time taken for 1 epoch 372.7182629108429 sec

Epoch 5 Batch 0 Loss 0.5154
Epoch 5 Batch 100 Loss 0.5760
Epoch 5 Batch 200 Loss 0.5540
Epoch 5 Batch 300 Loss 0.4831
Epoch 5 Loss 0.5072
Time taken for 1 epoch 372.6009683609009 sec

Epoch 6 Batch 0 Loss 0.2856
Epoch 6 Batch 100 Loss 0.3994
Epoch 6 Batch 200 Loss 0.3970
Epoch 6 Batch 300 Loss 0.3543
Epoch 6 Loss 0.3418
Time taken for 1 epoch 372.61208033561707 sec

Epoch 7 Batch 0 Loss 0.2101
Epoch 7 Batch 100 Loss 0.2850
Epoch 7 Batch 200 Loss 0.2862
Epoch 7 Batch 300 Loss 0.2734
Epoch 7 Loss 0.2397
Time taken for 1 epoch 371.8487334251404 sec

Epoch 8 Batch 0 Loss 0.1739
Epoch 8 Batch 100 Loss 0.1833
Epoch 8 Batch 200 Loss 0.2202
Epoch 8 Batch 300 Loss 0.1820
Epoch 8 Loss 0.1729
Time taken for 1 epoch 371.9681420326233 sec

Epoch 9 Batch 0 Loss 0.1036
Epoch 9 Batch 100 Loss 0.1289
Epoch 9 Batch 200 Loss 0.1782
Epoch 9 Batch 300 Loss 0.1240
Epoch 9 Loss 0.1294
Time taken for 1 epoch 372.28565096855164 sec

Epoch 10 Batch 0 Loss 0.0960
Epoch 10 Batch 100 Loss 0.1006
Epoch 10 Batch 200 Loss 0.1764
Epoch 10 Batch 300 Loss 0.0968
Epoch 10 Loss 0.1018
Time taken for 1 epoch 372.2542223930359 sec

Input: <start> hace mucho frio aqui . <end>
Predicted translation: it s very cold here . <end> 
Input: <start> esta es mi vida . <end>
Predicted translation: this is my life . <end> 
Input: <start>  todavia estan en casa ? <end>
Predicted translation: are you still at home ? <end> 
Input: <start> trata de averiguarlo . <end>
Predicted translation: try to figure it out . <end> 
